Performing C SOURCE FILE Test CMAKE_HAVE_LIBC_PTHREAD failed with the following output:
Change Dir: /home/dhruv/Coding/ROS/Abhiyaan/nodes/build/gmock/CMakeFiles/CMakeTmp

Run Build Command(s):/usr/bin/gmake cmTC_c1594/fast && gmake[3]: Entering directory '/home/dhruv/Coding/ROS/Abhiyaan/nodes/build/gmock/CMakeFiles/CMakeTmp'
/usr/bin/gmake  -f CMakeFiles/cmTC_c1594.dir/build.make CMakeFiles/cmTC_c1594.dir/build
gmake[4]: Entering directory '/home/dhruv/Coding/ROS/Abhiyaan/nodes/build/gmock/CMakeFiles/CMakeTmp'
Building C object CMakeFiles/cmTC_c1594.dir/src.c.o
/usr/bin/cc   -DCMAKE_HAVE_LIBC_PTHREAD -o CMakeFiles/cmTC_c1594.dir/src.c.o -c /home/dhruv/Coding/ROS/Abhiyaan/nodes/build/gmock/CMakeFiles/CMakeTmp/src.c
Linking C executable cmTC_c1594
/usr/bin/cmake -E cmake_link_script CMakeFiles/cmTC_c1594.dir/link.txt --verbose=1
/usr/bin/cc  -DCMAKE_HAVE_LIBC_PTHREAD -rdynamic CMakeFiles/cmTC_c1594.dir/src.c.o -o cmTC_c1594 
/usr/bin/ld: CMakeFiles/cmTC_c1594.dir/src.c.o: in function `main':
src.c:(.text+0x2f): undefined reference to `pthread_create'
/usr/bin/ld: src.c:(.text+0x3b): undefined reference to `pthread_detach'
/usr/bin/ld: src.c:(.text+0x47): undefined reference to `pthread_cancel'
/usr/bin/ld: src.c:(.text+0x58): undefined reference to `pthread_join'
collect2: error: ld returned 1 exit status
gmake[4]: *** [CMakeFiles/cmTC_c1594.dir/build.make:106: cmTC_c1594] Error 1
gmake[4]: Leaving directory '/home/dhruv/Coding/ROS/Abhiyaan/nodes/build/gmock/CMakeFiles/CMakeTmp'
gmake[3]: *** [Makefile:140: cmTC_c1594/fast] Error 2
gmake[3]: Leaving directory '/home/dhruv/Coding/ROS/Abhiyaan/nodes/build/gmock/CMakeFiles/CMakeTmp'


Source file was:
#include <pthread.h>

void* test_func(void* data)
{
  return data;
}

int main(void)
{
  pthread_t thread;
  pthread_create(&thread, NULL, test_func, NULL);
  pthread_detach(thread);
  pthread_cancel(thread);
  pthread_join(thread, NULL);
  pthread_atfork(NULL, NULL, NULL);
  pthread_exit(NULL);

  return 0;
}

Determining if the function pthread_create exists in the pthreads failed with the following output:
Change Dir: /home/dhruv/Coding/ROS/Abhiyaan/nodes/build/gmock/CMakeFiles/CMakeTmp

Run Build Command(s):/usr/bin/gmake cmTC_ef295/fast && gmake[3]: Entering directory '/home/dhruv/Coding/ROS/Abhiyaan/nodes/build/gmock/CMakeFiles/CMakeTmp'
/usr/bin/gmake  -f CMakeFiles/cmTC_ef295.dir/build.make CMakeFiles/cmTC_ef295.dir/build
gmake[4]: Entering directory '/home/dhruv/Coding/ROS/Abhiyaan/nodes/build/gmock/CMakeFiles/CMakeTmp'
Building C object CMakeFiles/cmTC_ef295.dir/CheckFunctionExists.c.o
/usr/bin/cc   -DCHECK_FUNCTION_EXISTS=pthread_create -o CMakeFiles/cmTC_ef295.dir/CheckFunctionExists.c.o -c /usr/share/cmake-3.18/Modules/CheckFunctionExists.c
Linking C executable cmTC_ef295
/usr/bin/cmake -E cmake_link_script CMakeFiles/cmTC_ef295.dir/link.txt --verbose=1
/usr/bin/cc  -DCHECK_FUNCTION_EXISTS=pthread_create -rdynamic CMakeFiles/cmTC_ef295.dir/CheckFunctionExists.c.o -o cmTC_ef295  -lpthreads 
/usr/bin/ld: cannot find -lpthreads
collect2: error: ld returned 1 exit status
gmake[4]: *** [CMakeFiles/cmTC_ef295.dir/build.make:106: cmTC_ef295] Error 1
gmake[4]: Leaving directory '/home/dhruv/Coding/ROS/Abhiyaan/nodes/build/gmock/CMakeFiles/CMakeTmp'
gmake[3]: *** [Makefile:140: cmTC_ef295/fast] Error 2
gmake[3]: Leaving directory '/home/dhruv/Coding/ROS/Abhiyaan/nodes/build/gmock/CMakeFiles/CMakeTmp'



